20240428080051 mms.cpp 4351 mms_malloc
20240428080051 mms.cpp 4351 mms_memset
20240428080051 mms.cpp 4351 mms_malloc
20240428080051 mms.cpp 4351 mms_memcpy
20240428080051 mms.cpp 4351 mms_print
20240428080051 mms.cpp 4351 mms_malloc
20240428080051 mms.cpp 4351 mms_memcpy
20240428080051 mms.cpp 4351 mms_free
20240428080515 mms.cpp 4495 mms_malloc
20240428080515 mms.cpp 4495 mms_memset
20240428080515 mms.cpp 4495 mms_malloc
20240428080515 mms.cpp 4495 mms_memcpy
20240428080515 mms.cpp 4495 mms_print
20240428080515 mms.cpp 4495 mms_malloc
20240428080515 mms.cpp 4495 mms_memcpy
20240428080515 mms.cpp 4495 mms_free
20240428081019 mms.cpp 4631 mms_malloc
20240428081019 mms.cpp 4631 mms_memset
20240428081019 mms.cpp 4631 mms_malloc
20240428081019 mms.cpp 4631 mms_memcpy
20240428081019 mms.cpp 4631 mms_print
20240428081019 mms.cpp 4631 mms_malloc
20240428081019 mms.cpp 4631 mms_memcpy
20240428081019 mms.cpp 4631 mms_free
20240430210731 mms.cpp 205 mms_malloc
20240430210731 mms.cpp 205 mms_memset
20240430210731 mms.cpp 205 mms_malloc
20240430210731 mms.cpp 205 mms_memcpy
20240430210731 mms.cpp 205 mms_print
20240430210731 mms.cpp 205 mms_malloc
20240430210731 mms.cpp 205 mms_memcpy
20240430210731 mms.cpp 205 mms_free
20240430210938 mms.cpp 341 mms_malloc
20240430210938 mms.cpp 341 mms_memset
20240430210938 mms.cpp 341 mms_malloc
20240430210938 mms.cpp 341 mms_memcpy
20240430210938 mms.cpp 341 mms_print
20240430210938 mms.cpp 341 mms_malloc
20240430210938 mms.cpp 341 mms_memcpy
20240430210938 mms.cpp 341 mms_memcpy
20240430211638 mms.cpp 479 mms_malloc
20240430211638 mms.cpp 479 mms_memset
20240430211638 mms.cpp 479 mms_malloc
20240430211638 mms.cpp 479 mms_memcpy
20240430211638 mms.cpp 479 mms_print
20240430211638 mms.cpp 479 mms_malloc
20240430211638 mms.cpp 479 mms_memcpy
20240430211638 mms.cpp 479 mms_malloc
20240430211638 mms.cpp 479 mms_memcpy
